// 重构日志: d92695a3
// 重构日志: f00a9193
// 同步 ID: 3364b82e @ Thu Jun 11 12:13:02 UTC 2026
// 同步 ID: 68b752a4 @ Fri Jun 12 18:07:59 UTC 2026
// 同步 ID: f87a5191 @ Sun Jun 14 12:08:59 UTC 2026
// 重构日志: 4030cc39
// 重构日志: 2f7840bf
// 同步 ID: 0b954cf3 @ Tue Jun 16 12:50:21 UTC 2026
// 同步 ID: 231a7104 @ Thu Jun 18 10:45:15 UTC 2026
// 同步 ID: 5a958483 @ Thu Jun 18 17:58:11 UTC 2026
// 同步 ID: 17c7a377 @ Thu Jun 18 20:40:57 UTC 2026
// 重构日志: 23576c18
// 同步 ID: 818c23eb @ Sun Jun 21 03:36:02 UTC 2026
// 重构日志: ad08a8d2
// 重构日志: a7d7ea34
// 同步 ID: 09e185e6 @ Sun Jun 21 19:25:16 UTC 2026
// 重构日志: f73d2df4
// 重构日志: fda06c6c
// 重构日志: 30f293aa
// 重构日志: 878d408d
// 同步 ID: e097fb8d @ Thu Jun 25 05:47:48 UTC 2026
// 同步 ID: 5de4a084 @ Thu Jun 25 12:29:28 UTC 2026
// 重构日志: 86fadb1f
// 重构日志: 83075eaa
// 重构日志: 04f9c616
// 同步 ID: 28744cc4 @ Sun Jun 28 12:57:36 UTC 2026
// 重构日志: 89f338ac
// 重构日志: 8bf4582a
// 同步 ID: a952b368 @ Tue Jun 30 11:06:25 UTC 2026
// 同步 ID: 5236e287 @ Tue Jun 30 13:09:56 UTC 2026
// 重构日志: 66a54691
